生成启动时间为 2015/11/10 17:14:34。
     1>项目“C:\Users\NCSLab_Kay\Documents\Tencent Files\283386319\FileRecv\track\struck\struck.vcxproj”在节点 2 上(Build 个目标)。
     1>ClCompile:
         C:\Program Files (x86)\Microsoft Visual Studio 12.0\VC\bin\CL.exe /c /IC:\opencv\build\include /IF:\will\eigen2.0.17 /Zi /nologo /W3 /WX- /O2 /Oi /Oy- /GL /D WIN32 /D NDEBUG /D _CONSOLE /D _CRT_SECURE_NO_WARNINGS /D _UNICODE /D UNICODE /Gm- /EHsc /MD /GS /Gy /fp:precise /Zc:wchar_t /Zc:forScope /Fo"build/Release\\" /Fd"build/Release\vc120.pdb" /Gd /TP /analyze- /errorReport:prompt src\main.cpp
         main.cpp
       Link:
         C:\Program Files (x86)\Microsoft Visual Studio 12.0\VC\bin\link.exe /ERRORREPORT:PROMPT /OUT:"C:\Users\NCSLab_Kay\Documents\Tencent Files\283386319\FileRecv\track\struck\struck.exe" /INCREMENTAL:NO /NOLOGO /LIBPATH:C:\opencv\build\x86\vc12\lib opencv_calib3d249.lib opencv_contrib249.lib opencv_core249.lib opencv_features2d249.lib opencv_flann249.lib opencv_gpu249.lib opencv_highgui249.lib opencv_imgproc249.lib opencv_legacy249.lib opencv_ml249.lib opencv_nonfree249.lib opencv_objdetect249.lib opencv_ocl249.lib opencv_photo249.lib opencv_stitching249.lib opencv_superres249.lib opencv_ts249.lib opencv_video249.lib opencv_videostab249.lib kernel32.lib user32.lib gdi32.lib winspool.lib comdlg32.lib advapi32.lib shell32.lib ole32.lib oleaut32.lib uuid.lib odbc32.lib odbccp32.lib /MANIFEST /MANIFESTUAC:"level='asInvoker' uiAccess='false'" /manifest:embed /DEBUG /PDB:"C:\Users\NCSLab_Kay\Documents\Tencent Files\283386319\FileRecv\track\struck\struck.pdb" /SUBSYSTEM:CONSOLE /OPT:REF /OPT:ICF /LTCG /TLBID:1 /DYNAMICBASE /NXCOMPAT /IMPLIB:"C:\Users\NCSLab_Kay\Documents\Tencent Files\283386319\FileRecv\track\struck\struck.lib" /MACHINE:X86 /SAFESEH build/Release\Config.obj
         build/Release\Features.obj
         build/Release\HaarFeature.obj
         build/Release\HaarFeatures.obj
         build/Release\HistogramFeatures.obj
         build/Release\ImageRep.obj
         build/Release\LaRank.obj
         build/Release\main.obj
         build/Release\MultiFeatures.obj
         build/Release\RawFeatures.obj
         build/Release\Sampler.obj
         build/Release\Tracker.obj
         build/Release\GraphUtils.obj
         正在生成代码
         已完成代码的生成
         struck.vcxproj -> C:\Users\NCSLab_Kay\Documents\Tencent Files\283386319\FileRecv\track\struck\struck.exe
     1>已完成生成项目“C:\Users\NCSLab_Kay\Documents\Tencent Files\283386319\FileRecv\track\struck\struck.vcxproj”(Build 个目标)的操作。

生成成功。

已用时间 00:00:02.91
